<?xml version="1.0" encoding="UTF-8"?>
<testng-results ignored="0" total="2" passed="2" failed="0" skipped="0">
  <reporter-output>
  </reporter-output>
  <suite started-at="2022-07-09T12:08:38Z" name="Default suite" finished-at="2022-07-09T12:08:38Z" duration-ms="62">
    <groups>
    </groups>
    <test started-at="2022-07-09T12:08:38Z" name="Default test" finished-at="2022-07-09T12:08:38Z" duration-ms="62">
      <class name="com.testng.automation.Learntestnghierarchy">
        <test-method is-config="true" signature="beforesuite()[pri:0, instance:com.testng.automation.Learntestnghierarchy@20f5281c]" started-at="2022-07-09T12:08:38Z" name="beforesuite" finished-at="2022-07-09T12:08:38Z" duration-ms="21" status="PASS">
          <reporter-output>
          </reporter-output>
        </test-method> <!-- beforesuite -->
        <test-method is-config="true" signature="beforetestm1()[pri:0, instance:com.testng.automation.Learntestnghierarchy@20f5281c]" started-at="2022-07-09T12:08:38Z" name="beforetestm1" finished-at="2022-07-09T12:08:38Z" duration-ms="1" status="PASS">
          <reporter-output>
          </reporter-output>
        </test-method> <!-- beforetestm1 -->
        <test-method is-config="true" signature="beforeclassm1()[pri:0, instance:com.testng.automation.Learntestnghierarchy@20f5281c]" started-at="2022-07-09T12:08:38Z" name="beforeclassm1" finished-at="2022-07-09T12:08:38Z" duration-ms="1" status="PASS">
          <reporter-output>
          </reporter-output>
        </test-method> <!-- beforeclassm1 -->
        <test-method signature="testmethod01()[pri:0, instance:com.testng.automation.Learntestnghierarchy@20f5281c]" started-at="2022-07-09T12:08:38Z" name="testmethod01" finished-at="2022-07-09T12:08:38Z" duration-ms="10" status="PASS">
          <reporter-output>
          </reporter-output>
        </test-method> <!-- testmethod01 -->
        <test-method is-config="true" signature="beforemethod01()[pri:0, instance:com.testng.automation.Learntestnghierarchy@20f5281c]" started-at="2022-07-09T12:08:38Z" name="beforemethod01" finished-at="2022-07-09T12:08:38Z" duration-ms="0" status="PASS">
          <reporter-output>
          </reporter-output>
        </test-method> <!-- beforemethod01 -->
        <test-method is-config="true" signature="aftermethod01()[pri:0, instance:com.testng.automation.Learntestnghierarchy@20f5281c]" started-at="2022-07-09T12:08:38Z" name="aftermethod01" finished-at="2022-07-09T12:08:38Z" duration-ms="1" status="PASS">
          <reporter-output>
          </reporter-output>
        </test-method> <!-- aftermethod01 -->
        <test-method signature="testmethod02()[pri:0, instance:com.testng.automation.Learntestnghierarchy@20f5281c]" started-at="2022-07-09T12:08:38Z" name="testmethod02" finished-at="2022-07-09T12:08:38Z" duration-ms="6" status="PASS">
          <reporter-output>
          </reporter-output>
        </test-method> <!-- testmethod02 -->
        <test-method is-config="true" signature="beforemethod01()[pri:0, instance:com.testng.automation.Learntestnghierarchy@20f5281c]" started-at="2022-07-09T12:08:38Z" name="beforemethod01" finished-at="2022-07-09T12:08:38Z" duration-ms="0" status="PASS">
          <reporter-output>
          </reporter-output>
        </test-method> <!-- beforemethod01 -->
        <test-method is-config="true" signature="aftermethod01()[pri:0, instance:com.testng.automation.Learntestnghierarchy@20f5281c]" started-at="2022-07-09T12:08:38Z" name="aftermethod01" finished-at="2022-07-09T12:08:38Z" duration-ms="0" status="PASS">
          <reporter-output>
          </reporter-output>
        </test-method> <!-- aftermethod01 -->
        <test-method is-config="true" signature="afterclassm1()[pri:0, instance:com.testng.automation.Learntestnghierarchy@20f5281c]" started-at="2022-07-09T12:08:38Z" name="afterclassm1" finished-at="2022-07-09T12:08:38Z" duration-ms="0" status="PASS">
          <reporter-output>
          </reporter-output>
        </test-method> <!-- afterclassm1 -->
        <test-method is-config="true" signature="aftertestm1()[pri:0, instance:com.testng.automation.Learntestnghierarchy@20f5281c]" started-at="2022-07-09T12:08:38Z" name="aftertestm1" finished-at="2022-07-09T12:08:38Z" duration-ms="0" status="PASS">
          <reporter-output>
          </reporter-output>
        </test-method> <!-- aftertestm1 -->
        <test-method is-config="true" signature="aftersuitem1()[pri:0, instance:com.testng.automation.Learntestnghierarchy@20f5281c]" started-at="2022-07-09T12:08:38Z" name="aftersuitem1" finished-at="2022-07-09T12:08:38Z" duration-ms="0" status="PASS">
          <reporter-output>
          </reporter-output>
        </test-method> <!-- aftersuitem1 -->
      </class> <!-- com.testng.automation.Learntestnghierarchy -->
    </test> <!-- Default test -->
  </suite> <!-- Default suite -->
</testng-results>
