<?xml version="1.0" encoding="UTF-8"?>
<testng-results ignored="0" total="1" passed="1" failed="0" skipped="0">
  <reporter-output>
  </reporter-output>
  <suite started-at="2022-07-30T11:17:34Z" name="Default suite" finished-at="2022-07-30T11:17:52Z" duration-ms="18007">
    <groups>
    </groups>
    <test started-at="2022-07-30T11:17:34Z" name="Default test" finished-at="2022-07-30T11:17:52Z" duration-ms="18007">
      <class name="sampleautomation.LearnListenerCRM$LoginCRM">
        <test-method signature="login()[pri:0, instance:sampleautomation.LearnListenerCRM$LoginCRM@2f62ea70]" started-at="2022-07-30T11:17:34Z" name="login" finished-at="2022-07-30T11:17:52Z" duration-ms="17953" status="PASS">
          <reporter-output>
          </reporter-output>
        </test-method> <!-- login -->
      </class> <!-- sampleautomation.LearnListenerCRM$LoginCRM -->
    </test> <!-- Default test -->
  </suite> <!-- Default suite -->
</testng-results>
